#
# A fatal error has been detected by the Java Runtime Environment:
#
#  SIGSEGV (0xb) at pc=0x00007fff201ad829, pid=721, tid=0x0000000000000103
#
# JRE version: Java(TM) SE Runtime Environment (8.0_181-b13) (build 1.8.0_181-b13)
# Java VM: Java HotSpot(TM) 64-Bit Server VM (25.181-b13 mixed mode bsd-amd64 compressed oops)
# Problematic frame:
# C  [libobjc.A.dylib+0x6829]  objc_msgSend+0x29
#
# Failed to write core dump. Core dumps have been disabled. To enable core dumping, try "ulimit -c unlimited" before starting Java again
#
# If you would like to submit a bug report, please visit:
#   http://bugreport.java.com/bugreport/crash.jsp
# The crash happened outside the Java Virtual Machine in native code.
# See problematic frame for where to report the bug.
#

---------------  T H R E A D  ---------------

Current thread (0x00007fa258829800):  JavaThread "AWT-AppKit" daemon [_thread_in_native, id=259, stack(0x00007ffeeb639000,0x00007ffeebe39000)]

siginfo: si_signo: 11 (SIGSEGV), si_code: 1 (SEGV_MAPERR), si_addr: 0xfffffffffffc1c3a

Registers:
RAX=0x00007fa256d85ef0, RBX=0x00000001508bd450, RCX=0x0000000000000000, RDX=0x0000000000000001
RSP=0x00007ffeebe341b8, RBP=0x00007ffeebe34270, RSI=0x00007fff7b978189, RDI=0x00007fa25b96c130
R8 =0x0000000000000000, R9 =0x0000000000000000, R10=0x0000000108390000, R11=0xfffffffffffc1c3a
R12=0x0000000000000000, R13=0x0000000151aea568, R14=0x00000001508bd440, R15=0x00007fa258829800
RIP=0x00007fff201ad829, EFLAGS=0x0000000000010286, ERR=0x0000000000000004
  TRAPNO=0x000000000000000e

Top of Stack: (sp=0x00007ffeebe341b8)
0x00007ffeebe341b8:   00000001508bb157 00007ffeebe34210
0x00007ffeebe341c8:   0000000000000003 00007ffeebe341f0
0x00007ffeebe341d8:   000000010614364e 0000000151aea568
0x00007ffeebe341e8:   0000000151aea568 00007fa256d85ef0
0x00007ffeebe341f8:   00000001508bd6a0 00000001508bd710
0x00007ffeebe34208:   00007fff807ba6c8 00007fff80c34530
0x00007ffeebe34218:   00000001508bd450 00000001508bd690
0x00007ffeebe34228:   00007fa256d85ef0 00007fa25b96c130
0x00007ffeebe34238:   00007fa256e713d0 00007fa256d85ef0
0x00007ffeebe34248:   00007fa25b96c130 00007ffeebe342f8
0x00007ffeebe34258:   00007fa2588299f8 0000000151aea568
0x00007ffeebe34268:   00007ffeebe34320 00007ffeebe342e8
0x00007ffeebe34278:   0000000108efd667 0000000151aea568
0x00007ffeebe34288:   00007ffeebe34320 00007ffeebe342e8
0x00007ffeebe34298:   0000000108efd3c7 0000000108efd382
0x00007ffeebe342a8:   00007ffeebe342a8 0000000151aea568
0x00007ffeebe342b8:   00007ffeebe34320 0000000151aebd18
0x00007ffeebe342c8:   0000000000000000 0000000151aea568
0x00007ffeebe342d8:   0000000000000000 00007ffeebe34308
0x00007ffeebe342e8:   00007ffeebe34368 0000000108eed2bd
0x00007ffeebe342f8:   00000007805b9ee8 0000000108ef6d18
0x00007ffeebe34308:   00007fa256d85ef0 00007ffeebe34368
0x00007ffeebe34318:   00007fa25b96c130 0000000108ef8782
0x00007ffeebe34328:   00007ffeebe34328 0000000151aea732
0x00007ffeebe34338:   00007ffeebe34390 0000000151aebd18
0x00007ffeebe34348:   0000000000000000 0000000151aea740
0x00007ffeebe34358:   00007ffeebe34308 00007ffeebe34378
0x00007ffeebe34368:   00007ffeebe343d8 0000000108eed2bd
0x00007ffeebe34378:   00007fa256d85ef0 00000007804d26f0
0x00007ffeebe34388:   00007fa25b96c130 00000007804d26f0
0x00007ffeebe34398:   00007ffeebe34398 0000000153a028f6
0x00007ffeebe343a8:   00007ffeebe343e8 0000000153a029b0 

Instructions: (pc=0x00007fff201ad829)
0x00007fff201ad809:   01 2e 75 76 49 ba f8 ff ff ff ff 7f 00 00 4c 23
0x00007fff201ad819:   17 49 89 f3 45 23 5a 18 49 c1 e3 04 4d 03 5a 10
0x00007fff201ad829:   49 3b 33 75 0a 4d 8b 5b 08 4d 31 d3 41 ff e3 49
0x00007fff201ad839:   83 3b 01 76 13 49 83 c3 10 49 3b 33 75 f1 4d 8b 

Register to memory mapping:

RAX=0x00007fa256d85ef0 is an unknown value
RBX=0x00000001508bd450: Java_jogamp_nativewindow_macosx_OSXUtil_GetScreenRefreshRate0+0x1cf0 in /private/var/folders/73/1qw339l937x_y3n17np39c5c0000gn/T/jogamp_0000/file_cache/jln3816813680184738915/jln4570338732480370472/libnativewindow_macosx.jnilib at 0x00000001508b6000
RCX=0x0000000000000000 is an unknown value
RDX=0x0000000000000001 is an unknown value
RSP=0x00007ffeebe341b8 is pointing into the stack for thread: 0x00007fa258829800
RBP=0x00007ffeebe34270 is pointing into the stack for thread: 0x00007fa258829800
RSI=0x00007fff7b978189: GCC_except_table772+0x5b79b879 in /usr/lib/libobjc.A.dylib at 0x00007fff201a7000
RDI=0x00007fa25b96c130 is an unknown value
R8 =0x0000000000000000 is an unknown value
R9 =0x0000000000000000 is an unknown value
R10=0x0000000108390000: range.100348+0x126b0 in /Library/Java/JavaVirtualMachines/jdk1.8.0_181.jdk/Contents/Home/jre/lib/libawt_lwawt.dylib at 0x000000010831f000
R11=0xfffffffffffc1c3a is an unknown value
R12=0x0000000000000000 is an unknown value
R13={method} {0x0000000151aea568} 'UnsetJAWTRootSurfaceLayer0' '(JJ)V' in 'jogamp/nativewindow/jawt/macosx/MacOSXJAWTWindow'
R14=0x00000001508bd440: Java_jogamp_nativewindow_macosx_OSXUtil_GetScreenRefreshRate0+0x1ce0 in /private/var/folders/73/1qw339l937x_y3n17np39c5c0000gn/T/jogamp_0000/file_cache/jln3816813680184738915/jln4570338732480370472/libnativewindow_macosx.jnilib at 0x00000001508b6000
R15=0x00007fa258829800 is a thread


Stack: [0x00007ffeeb639000,0x00007ffeebe39000],  sp=0x00007ffeebe341b8,  free space=8172k
Native frames: (J=compiled Java code, j=interpreted, Vv=VM code, C=native code)
C  [libobjc.A.dylib+0x6829]  objc_msgSend+0x29
j  jogamp.nativewindow.jawt.macosx.MacOSXJAWTWindow.UnsetJAWTRootSurfaceLayer0(JJ)V+0
j  jogamp.nativewindow.jawt.macosx.MacOSXJAWTWindow.access$200(JJ)V+2
j  jogamp.nativewindow.jawt.macosx.MacOSXJAWTWindow$1.run()V+38
J 1641 C1 com.jogamp.common.util.RunnableTask.run()V (345 bytes) @ 0x00000001094c2434 [0x00000001094c22a0+0x194]
v  ~StubRoutines::call_stub
V  [libjvm.dylib+0x2efcba]
V  [libjvm.dylib+0x326ff8]
V  [libjvm.dylib+0x3197db]
C  [libnativewindow_macosx.jnilib+0x5326]  Java_jogamp_nativewindow_jawt_macosx_MacOSXJAWTWindow_UnsetJAWTRootSurfaceLayer0+0x2b6
C  [Foundation+0x80bc1]  __NSThreadPerformPerform+0xcc
C  [CoreFoundation+0x8197c]  __CFRUNLOOP_IS_CALLING_OUT_TO_A_SOURCE0_PERFORM_FUNCTION__+0x11
C  [CoreFoundation+0x818e4]  __CFRunLoopDoSource0+0xb4
C  [CoreFoundation+0x816c6]  __CFRunLoopDoSources0+0x154
C  [CoreFoundation+0x8008c]  __CFRunLoopRun+0x37d
C  [CoreFoundation+0x7f64c]  CFRunLoopRunSpecific+0x233
C  [HIToolbox+0x30ab3]  RunCurrentEventLoopInMode+0x124
C  [HIToolbox+0x306e6]  ReceiveNextEventCommon+0x11c
C  [HIToolbox+0x305b3]  _BlockUntilNextEventMatchingListInModeWithFilter+0x46
C  [AppKit+0x3e6f2]  _DPSNextEvent+0x360
C  [AppKit+0x3cec5]  -[NSApplication(NSEvent) _nextEventMatchingEventMask:untilDate:inMode:dequeue:]+0x554
C  [libosxapp.dylib+0x2328]  -[NSApplicationAWT nextEventMatchingMask:untilDate:inMode:dequeue:]+0x7c
C  [AppKit+0x2f239]  -[NSApplication run]+0x24a
C  [libosxapp.dylib+0x1f72]  +[NSApplicationAWT runAWTLoopWithApp:]+0x9c
C  [libawt_lwawt.dylib+0x4711f]  -[AWTStarter starter:]+0x389
C  [Foundation+0x80bc1]  __NSThreadPerformPerform+0xcc
C  [CoreFoundation+0x8197c]  __CFRUNLOOP_IS_CALLING_OUT_TO_A_SOURCE0_PERFORM_FUNCTION__+0x11
C  [CoreFoundation+0x818e4]  __CFRunLoopDoSource0+0xb4
C  [CoreFoundation+0x81664]  __CFRunLoopDoSources0+0xf2
C  [CoreFoundation+0x8008c]  __CFRunLoopRun+0x37d
C  [CoreFoundation+0x7f64c]  CFRunLoopRunSpecific+0x233
C  [java+0x646e]  CreateExecutionEnvironment+0x367
C  [java+0x203c]  JLI_Launch+0x7a0
C  [java+0x84cb]  main+0x65
C  [java+0x1894]  start+0x34
C  0x0000000000000007

Java frames: (J=compiled Java code, j=interpreted, Vv=VM code)
j  jogamp.nativewindow.jawt.macosx.MacOSXJAWTWindow.UnsetJAWTRootSurfaceLayer0(JJ)V+0
j  jogamp.nativewindow.jawt.macosx.MacOSXJAWTWindow.access$200(JJ)V+2
j  jogamp.nativewindow.jawt.macosx.MacOSXJAWTWindow$1.run()V+38
J 1641 C1 com.jogamp.common.util.RunnableTask.run()V (345 bytes) @ 0x00000001094c2434 [0x00000001094c22a0+0x194]
v  ~StubRoutines::call_stub

---------------  P R O C E S S  ---------------

Java Threads: ( => current thread )
  0x00007fa258139000 JavaThread "Thread-3" [_thread_blocked, id=12563, stack(0x0000700001a27000,0x0000700001b27000)]
  0x00007fa257acb800 JavaThread "AWT-EventQueue-1" [_thread_blocked, id=56867, stack(0x00007000020bf000,0x00007000021bf000)]
  0x00007fa2571ed800 JavaThread "DestroyJavaVM" [_thread_blocked, id=3587, stack(0x0000700000971000,0x0000700000a71000)]
  0x00007fa258140000 JavaThread "AWT-EventQueue-0" [_thread_blocked, id=77827, stack(0x0000700001eb9000,0x0000700001fb9000)]
  0x00007fa2571a8800 JavaThread "Java2D Disposer" daemon [_thread_blocked, id=79875, stack(0x0000700001cb3000,0x0000700001db3000)]
  0x00007fa2588d7800 JavaThread "Java2D Queue Flusher" daemon [_thread_blocked, id=83975, stack(0x0000700001bb0000,0x0000700001cb0000)]
  0x00007fa2588d7000 JavaThread "AWT-Shutdown" [_thread_blocked, id=38939, stack(0x00007000018a1000,0x00007000019a1000)]
=>0x00007fa258829800 JavaThread "AWT-AppKit" daemon [_thread_in_native, id=259, stack(0x00007ffeeb639000,0x00007ffeebe39000)]
  0x00007fa25780b000 JavaThread "Service Thread" daemon [_thread_blocked, id=18947, stack(0x000070000169b000,0x000070000179b000)]
  0x00007fa258030000 JavaThread "C1 CompilerThread2" daemon [_thread_blocked, id=15363, stack(0x0000700001598000,0x0000700001698000)]
  0x00007fa257012800 JavaThread "C2 CompilerThread1" daemon [_thread_blocked, id=19715, stack(0x0000700001495000,0x0000700001595000)]
  0x00007fa257028800 JavaThread "C2 CompilerThread0" daemon [_thread_blocked, id=14851, stack(0x0000700001392000,0x0000700001492000)]
  0x00007fa257028000 JavaThread "Signal Dispatcher" daemon [_thread_blocked, id=14339, stack(0x000070000128f000,0x000070000138f000)]
  0x00007fa257008800 JavaThread "Finalizer" daemon [_thread_blocked, id=12035, stack(0x0000700001086000,0x0000700001186000)]
  0x00007fa258029800 JavaThread "Reference Handler" daemon [_thread_blocked, id=11523, stack(0x0000700000f83000,0x0000700001083000)]

Other Threads:
  0x00007fa25700c000 VMThread [stack: 0x0000700000e80000,0x0000700000f80000] [id=11011]
  0x00007fa258039000 WatcherThread [stack: 0x000070000179e000,0x000070000189e000] [id=18435]

VM state:not at safepoint (normal execution)

VM Mutex/Monitor currently owned by a thread: None

Heap:
 PSYoungGen      total 18944K, used 14423K [0x00000007aab00000, 0x00000007acf80000, 0x00000007c0000000)
  eden space 16384K, 72% used [0x00000007aab00000,0x00000007ab69c1e0,0x00000007abb00000)
  from space 2560K, 99% used [0x00000007abb00000,0x00000007abd79de8,0x00000007abd80000)
  to   space 6656K, 0% used [0x00000007ac900000,0x00000007ac900000,0x00000007acf80000)
 ParOldGen       total 36352K, used 9285K [0x0000000780000000, 0x0000000782380000, 0x00000007aab00000)
  object space 36352K, 25% used [0x0000000780000000,0x00000007809115a8,0x0000000782380000)
 Metaspace       used 23711K, capacity 24075K, committed 24320K, reserved 1071104K
  class space    used 2447K, capacity 2556K, committed 2560K, reserved 1048576K

Card table byte_map: [0x0000000107374000,0x0000000107575000] byte_map_base: 0x0000000103774000

Marking Bits: (ParMarkBitMap*) 0x00000001068f9cd0
 Begin Bits: [0x0000000117ee5000, 0x0000000118ee5000)
 End Bits:   [0x0000000118ee5000, 0x0000000119ee5000)

Polling page: 0x0000000103e3a000

CodeCache: size=245760Kb used=8077Kb max_used=8092Kb free=237682Kb
 bounds [0x0000000108ee5000, 0x00000001096d5000, 0x0000000117ee5000]
 total_blobs=3079 nmethods=2141 adapters=851
 compilation: enabled

Compilation events (10 events):
Event: 95.368 Thread 0x00007fa258030000 2169       3       java.awt.event.ComponentEvent::<init> (7 bytes)
Event: 95.368 Thread 0x00007fa258030000 nmethod 2169 0x00000001096c2510 code [0x00000001096c2680, 0x00000001096c2808]
Event: 95.371 Thread 0x00007fa258030000 2170   !   3       sun.lwawt.LWComponentPeer::isShowing (49 bytes)
Event: 95.372 Thread 0x00007fa258030000 nmethod 2170 0x00000001096c2890 code [0x00000001096c2a40, 0x00000001096c3348]
Event: 95.373 Thread 0x00007fa258030000 2171  s    3       java.awt.KeyboardFocusManager::getCurrentKeyboardFocusManager (32 bytes)
Event: 95.374 Thread 0x00007fa258030000 nmethod 2171 0x00000001096c3610 code [0x00000001096c37c0, 0x00000001096c3da8]
Event: 95.374 Thread 0x00007fa258030000 2172       3       java.awt.Component::isValid (20 bytes)
Event: 95.374 Thread 0x00007fa258030000 nmethod 2172 0x00000001096c3f50 code [0x00000001096c40c0, 0x00000001096c42b0]
Event: 95.375 Thread 0x00007fa258030000 2173       1       sun.java2d.SurfaceData::isValid (5 bytes)
Event: 95.375 Thread 0x00007fa258030000 nmethod 2173 0x00000001096c4310 code [0x00000001096c4460, 0x00000001096c4570]

GC Heap History (10 events):
Event: 5.236 GC heap before
{Heap before GC invocations=2 (full 0):
 PSYoungGen      total 18944K, used 18937K [0x00000007aab00000, 0x00000007ac000000, 0x00000007c0000000)
  eden space 16384K, 100% used [0x00000007aab00000,0x00000007abb00000,0x00000007abb00000)
  from space 2560K, 99% used [0x00000007abb00000,0x00000007abd7e770,0x00000007abd80000)
  to   space 2560K, 0% used [0x00000007abd80000,0x00000007abd80000,0x00000007ac000000)
 ParOldGen       total 44032K, used 1045K [0x0000000780000000, 0x0000000782b00000, 0x00000007aab00000)
  object space 44032K, 2% used [0x0000000780000000,0x0000000780105688,0x0000000782b00000)
 Metaspace       used 16704K, capacity 16977K, committed 17280K, reserved 1064960K
  class space    used 1726K, capacity 1825K, committed 1920K, reserved 1048576K
Event: 5.246 GC heap after
Heap after GC invocations=2 (full 0):
 PSYoungGen      total 18944K, used 2528K [0x00000007aab00000, 0x00000007ac000000, 0x00000007c0000000)
  eden space 16384K, 0% used [0x00000007aab00000,0x00000007aab00000,0x00000007abb00000)
  from space 2560K, 98% used [0x00000007abd80000,0x00000007abff8020,0x00000007ac000000)
  to   space 2560K, 0% used [0x00000007abb00000,0x00000007abb00000,0x00000007abd80000)
 ParOldGen       total 44032K, used 2965K [0x0000000780000000, 0x0000000782b00000, 0x00000007aab00000)
  object space 44032K, 6% used [0x0000000780000000,0x00000007802e55f8,0x0000000782b00000)
 Metaspace       used 16704K, capacity 16977K, committed 17280K, reserved 1064960K
  class space    used 1726K, capacity 1825K, committed 1920K, reserved 1048576K
}
Event: 6.118 GC heap before
{Heap before GC invocations=3 (full 0):
 PSYoungGen      total 18944K, used 18912K [0x00000007aab00000, 0x00000007ac000000, 0x00000007c0000000)
  eden space 16384K, 100% used [0x00000007aab00000,0x00000007abb00000,0x00000007abb00000)
  from space 2560K, 98% used [0x00000007abd80000,0x00000007abff8020,0x00000007ac000000)
  to   space 2560K, 0% used [0x00000007abb00000,0x00000007abb00000,0x00000007abd80000)
 ParOldGen       total 44032K, used 2965K [0x0000000780000000, 0x0000000782b00000, 0x00000007aab00000)
  object space 44032K, 6% used [0x0000000780000000,0x00000007802e55f8,0x0000000782b00000)
 Metaspace       used 17953K, capacity 18291K, committed 18688K, reserved 1067008K
  class space    used 1859K, capacity 1986K, committed 2048K, reserved 1048576K
Event: 6.128 GC heap after
Heap after GC invocations=3 (full 0):
 PSYoungGen      total 18944K, used 2544K [0x00000007aab00000, 0x00000007ac000000, 0x00000007c0000000)
  eden space 16384K, 0% used [0x00000007aab00000,0x00000007aab00000,0x00000007abb00000)
  from space 2560K, 99% used [0x00000007abb00000,0x00000007abd7c050,0x00000007abd80000)
  to   space 2560K, 0% used [0x00000007abd80000,0x00000007abd80000,0x00000007ac000000)
 ParOldGen       total 44032K, used 7180K [0x0000000780000000, 0x0000000782b00000, 0x00000007aab00000)
  object space 44032K, 16% used [0x0000000780000000,0x00000007807032d0,0x0000000782b00000)
 Metaspace       used 17953K, capacity 18291K, committed 18688K, reserved 1067008K
  class space    used 1859K, capacity 1986K, committed 2048K, reserved 1048576K
}
Event: 6.679 GC heap before
{Heap before GC invocations=4 (full 0):
 PSYoungGen      total 18944K, used 14748K [0x00000007aab00000, 0x00000007ac000000, 0x00000007c0000000)
  eden space 16384K, 74% used [0x00000007aab00000,0x00000007ab6eb300,0x00000007abb00000)
  from space 2560K, 99% used [0x00000007abb00000,0x00000007abd7c050,0x00000007abd80000)
  to   space 2560K, 0% used [0x00000007abd80000,0x00000007abd80000,0x00000007ac000000)
 ParOldGen       total 44032K, used 7180K [0x0000000780000000, 0x0000000782b00000, 0x00000007aab00000)
  object space 44032K, 16% used [0x0000000780000000,0x00000007807032d0,0x0000000782b00000)
 Metaspace       used 20673K, capacity 21041K, committed 21248K, reserved 1069056K
  class space    used 2149K, capacity 2295K, committed 2304K, reserved 1048576K
Event: 6.688 GC heap after
Heap after GC invocations=4 (full 0):
 PSYoungGen      total 18944K, used 2528K [0x00000007aab00000, 0x00000007ac000000, 0x00000007c0000000)
  eden space 16384K, 0% used [0x00000007aab00000,0x00000007aab00000,0x00000007abb00000)
  from space 2560K, 98% used [0x00000007abd80000,0x00000007abff8040,0x00000007ac000000)
  to   space 2560K, 0% used [0x00000007abb00000,0x00000007abb00000,0x00000007abd80000)
 ParOldGen       total 44032K, used 9310K [0x0000000780000000, 0x0000000782b00000, 0x00000007aab00000)
  object space 44032K, 21% used [0x0000000780000000,0x0000000780917a80,0x0000000782b00000)
 Metaspace       used 20673K, capacity 21041K, committed 21248K, reserved 1069056K
  class space    used 2149K, capacity 2295K, committed 2304K, reserved 1048576K
}
Event: 6.688 GC heap before
{Heap before GC invocations=5 (full 1):
 PSYoungGen      total 18944K, used 2528K [0x00000007aab00000, 0x00000007ac000000, 0x00000007c0000000)
  eden space 16384K, 0% used [0x00000007aab00000,0x00000007aab00000,0x00000007abb00000)
  from space 2560K, 98% used [0x00000007abd80000,0x00000007abff8040,0x00000007ac000000)
  to   space 2560K, 0% used [0x00000007abb00000,0x00000007abb00000,0x00000007abd80000)
 ParOldGen       total 44032K, used 9310K [0x0000000780000000, 0x0000000782b00000, 0x00000007aab00000)
  object space 44032K, 21% used [0x0000000780000000,0x0000000780917a80,0x0000000782b00000)
 Metaspace       used 20673K, capacity 21041K, committed 21248K, reserved 1069056K
  class space    used 2149K, capacity 2295K, committed 2304K, reserved 1048576K
Event: 6.743 GC heap after
Heap after GC invocations=5 (full 1):
 PSYoungGen      total 18944K, used 0K [0x00000007aab00000, 0x00000007ac000000, 0x00000007c0000000)
  eden space 16384K, 0% used [0x00000007aab00000,0x00000007aab00000,0x00000007abb00000)
  from space 2560K, 0% used [0x00000007abd80000,0x00000007abd80000,0x00000007ac000000)
  to   space 2560K, 0% used [0x00000007abb00000,0x00000007abb00000,0x00000007abd80000)
 ParOldGen       total 36352K, used 7006K [0x0000000780000000, 0x0000000782380000, 0x00000007aab00000)
  object space 36352K, 19% used [0x0000000780000000,0x00000007806d7ac8,0x0000000782380000)
 Metaspace       used 20673K, capacity 21041K, committed 21248K, reserved 1069056K
  class space    used 2149K, capacity 2295K, committed 2304K, reserved 1048576K
}
Event: 9.301 GC heap before
{Heap before GC invocations=6 (full 1):
 PSYoungGen      total 18944K, used 16384K [0x00000007aab00000, 0x00000007ac000000, 0x00000007c0000000)
  eden space 16384K, 100% used [0x00000007aab00000,0x00000007abb00000,0x00000007abb00000)
  from space 2560K, 0% used [0x00000007abd80000,0x00000007abd80000,0x00000007ac000000)
  to   space 2560K, 0% used [0x00000007abb00000,0x00000007abb00000,0x00000007abd80000)
 ParOldGen       total 36352K, used 7006K [0x0000000780000000, 0x0000000782380000, 0x00000007aab00000)
  object space 36352K, 19% used [0x0000000780000000,0x00000007806d7ac8,0x0000000782380000)
 Metaspace       used 23488K, capacity 23875K, committed 24064K, reserved 1071104K
  class space    used 2431K, capacity 2554K, committed 2560K, reserved 1048576K
Event: 9.307 GC heap after
Heap after GC invocations=6 (full 1):
 PSYoungGen      total 18944K, used 2535K [0x00000007aab00000, 0x00000007acf80000, 0x00000007c0000000)
  eden space 16384K, 0% used [0x00000007aab00000,0x00000007aab00000,0x00000007abb00000)
  from space 2560K, 99% used [0x00000007abb00000,0x00000007abd79de8,0x00000007abd80000)
  to   space 6656K, 0% used [0x00000007ac900000,0x00000007ac900000,0x00000007acf80000)
 ParOldGen       total 36352K, used 9285K [0x0000000780000000, 0x0000000782380000, 0x00000007aab00000)
  object space 36352K, 25% used [0x0000000780000000,0x00000007809115a8,0x0000000782380000)
 Metaspace       used 23488K, capacity 23875K, committed 24064K, reserved 1071104K
  class space    used 2431K, capacity 2554K, committed 2560K, reserved 1048576K
}

Deoptimization events (10 events):
Event: 9.344 Thread 0x00007fa257acb800 Uncommon trap: reason=unstable_if action=reinterpret pc=0x0000000109427f88 method=org.json.JSONTokener.nextClean()C @ 12
Event: 9.556 Thread 0x00007fa257acb800 Uncommon trap: reason=unstable_if action=reinterpret pc=0x000000010955f464 method=com.sun.org.apache.xerces.internal.impl.XMLEntityScanner.scanChar(Lcom/sun/org/apache/xerces/internal/impl/XMLScanner$NameType;)I @ 212
Event: 9.557 Thread 0x00007fa257acb800 Uncommon trap: reason=class_check action=maybe_recompile pc=0x0000000109557888 method=com.sun.org.apache.xerces.internal.impl.XMLDocumentScannerImpl.next()I @ 4
Event: 9.557 Thread 0x00007fa257acb800 Uncommon trap: reason=class_check action=maybe_recompile pc=0x0000000109557888 method=com.sun.org.apache.xerces.internal.impl.XMLDocumentScannerImpl.next()I @ 4
Event: 9.557 Thread 0x00007fa257acb800 Uncommon trap: reason=unstable_if action=reinterpret pc=0x0000000109557d54 method=com.sun.org.apache.xerces.internal.impl.XMLEntityScanner.skipSpaces()Z @ 72
Event: 9.557 Thread 0x00007fa257acb800 Uncommon trap: reason=unstable_if action=reinterpret pc=0x0000000109568784 method=com.sun.org.apache.xerces.internal.util.SymbolTable.addSymbol([CII)Ljava/lang/String; @ 28
Event: 9.557 Thread 0x00007fa257acb800 Uncommon trap: reason=unstable_if action=reinterpret pc=0x0000000109560738 method=com.sun.org.apache.xerces.internal.util.SymbolTable.addSymbol([CII)Ljava/lang/String; @ 28
Event: 9.680 Thread 0x00007fa257acb800 Uncommon trap: reason=unstable_if action=reinterpret pc=0x00000001095c0f94 method=com.sun.org.apache.xerces.internal.impl.XMLDocumentFragmentScannerImpl$FragmentContentDriver.next()I @ 1406
Event: 9.680 Thread 0x00007fa257acb800 Uncommon trap: reason=class_check action=maybe_recompile pc=0x0000000109557888 method=com.sun.org.apache.xerces.internal.impl.XMLDocumentScannerImpl.next()I @ 4
Event: 9.681 Thread 0x00007fa257acb800 Uncommon trap: reason=unstable_if action=reinterpret pc=0x00000001095f50a8 method=sun.misc.FloatingDecimal$ASCIIToBinaryBuffer.floatValue()F @ 775

Classes redefined (0 events):
No events

Internal exceptions (10 events):
Event: 0.583 Thread 0x00007fa258809000 Exception <a 'java/io/FileNotFoundException'> (0x00000007aad8ce48) thrown at [/Users/java_re/workspace/8-2-build-macosx-x86_64/jdk8u181/11358/hotspot/src/share/vm/prims/jni.cpp, line 709]
Event: 0.695 Thread 0x00007fa258809000 Exception <a 'java/io/FileNotFoundException'> (0x00000007aae1cb50) thrown at [/Users/java_re/workspace/8-2-build-macosx-x86_64/jdk8u181/11358/hotspot/src/share/vm/prims/jni.cpp, line 709]
Event: 3.106 Thread 0x00007fa257008800 Exception <a 'java/lang/NullPointerException'> (0x00000007aab379d8) thrown at [/Users/java_re/workspace/8-2-build-macosx-x86_64/jdk8u181/11358/hotspot/src/share/vm/interpreter/linkResolver.cpp, line 1185]
Event: 3.251 Thread 0x00007fa258809000 Exception <a 'java/lang/UnsatisfiedLinkError': com.jogamp.common.util.JarUtil.fixNativeLibAttribs(Ljava/lang/String;)Z> (0x00000007aafa2c00) thrown at [/Users/java_re/workspace/8-2-build-macosx-x86_64/jdk8u181/11358/hotspot/src/share/vm/prims/nativeLookup
Event: 5.990 Thread 0x00007fa257acb800 Exception <a 'java/io/FileNotFoundException'> (0x00000007ab153b60) thrown at [/Users/java_re/workspace/8-2-build-macosx-x86_64/jdk8u181/11358/hotspot/src/share/vm/prims/jni.cpp, line 709]
Event: 5.991 Thread 0x00007fa257acb800 Exception <a 'java/io/FileNotFoundException'> (0x00000007ab159dd0) thrown at [/Users/java_re/workspace/8-2-build-macosx-x86_64/jdk8u181/11358/hotspot/src/share/vm/prims/jni.cpp, line 709]
Event: 5.991 Thread 0x00007fa257acb800 Implicit null exception at 0x00000001090d26b4 to 0x00000001090d2aad
Event: 6.415 Thread 0x00007fa257acb800 Implicit null exception at 0x00000001092a7e46 to 0x00000001092a808d
Event: 9.265 Thread 0x00007fa257acb800 Exception <a 'java/lang/ArrayIndexOutOfBoundsException': 278> (0x00000007ab6e9530) thrown at [/Users/java_re/workspace/8-2-build-macosx-x86_64/jdk8u181/11358/hotspot/src/share/vm/interpreter/interpreterRuntime.cpp, line 366]
Event: 9.724 Thread 0x00007fa257acb800 Exception <a 'java/lang/ArrayIndexOutOfBoundsException': 278> (0x00000007ab552d48) thrown at [/Users/java_re/workspace/8-2-build-macosx-x86_64/jdk8u181/11358/hotspot/src/share/vm/interpreter/interpreterRuntime.cpp, line 366]

Events (10 events):
Event: 95.389 Executing VM operation: RevokeBias done
Event: 95.391 loading class java/awt/LightweightDispatcher$2
Event: 95.391 loading class java/awt/LightweightDispatcher$2 done
Event: 95.391 loading class java/awt/event/AWTEventListenerProxy
Event: 95.391 loading class java/awt/event/AWTEventListenerProxy done
Event: 95.391 loading class java/awt/Toolkit$ToolkitEventMulticaster
Event: 95.391 loading class java/awt/Toolkit$ToolkitEventMulticaster done
Event: 95.392 Thread 0x00007fa257974000 Thread exited: 0x00007fa257974000
Event: 95.392 loading class java/awt/Window$1DisposeAction
Event: 95.392 loading class java/awt/Window$1DisposeAction done


Dynamic libraries:
0x00007fff34e26000 	/System/Library/Frameworks/Cocoa.framework/Versions/A/Cocoa
0x00007fff2219b000 	/System/Library/Frameworks/Security.framework/Versions/A/Security
0x00007fff33033000 	/System/Library/Frameworks/ApplicationServices.framework/Versions/A/ApplicationServices
0x00007fff2a418000 	/usr/lib/libz.1.dylib
0x00007fff2a4e0000 	/usr/lib/libSystem.B.dylib
0x00007fff201a7000 	/usr/lib/libobjc.A.dylib
0x00007fff20387000 	/System/Library/Frameworks/CoreFoundation.framework/Versions/A/CoreFoundation
0x00007fff21134000 	/System/Library/Frameworks/Foundation.framework/Versions/C/Foundation
0x00007fff22bc9000 	/System/Library/Frameworks/AppKit.framework/Versions/C/AppKit
0x00007fff25a88000 	/System/Library/Frameworks/CoreData.framework/Versions/A/CoreData
0x00007fff23912000 	/System/Library/PrivateFrameworks/UIFoundation.framework/Versions/A/UIFoundation
0x00007fff2fb09000 	/System/Library/PrivateFrameworks/RemoteViewServices.framework/Versions/A/RemoteViewServices
0x00007fff28924000 	/System/Library/PrivateFrameworks/XCTTargetBootstrap.framework/Versions/A/XCTTargetBootstrap
0x00007fff2b609000 	/usr/lib/libspindump.dylib
0x00007fff23b61000 	/System/Library/Frameworks/UniformTypeIdentifiers.framework/Versions/A/UniformTypeIdentifiers
0x00007fff27124000 	/usr/lib/libapp_launch_measurement.dylib
0x00007fff27127000 	/System/Library/PrivateFrameworks/CoreAutoLayout.framework/Versions/A/CoreAutoLayout
0x00007fff28287000 	/System/Library/Frameworks/Metal.framework/Versions/A/Metal
0x00007fff28f81000 	/usr/lib/liblangid.dylib
0x00007fff28928000 	/System/Library/PrivateFrameworks/CoreSVG.framework/Versions/A/CoreSVG
0x00007fff24ba0000 	/System/Library/PrivateFrameworks/SkyLight.framework/Versions/A/SkyLight
0x00007fff24f05000 	/System/Library/Frameworks/CoreGraphics.framework/Versions/A/CoreGraphics
0x00007fff30030000 	/System/Library/Frameworks/Accelerate.framework/Versions/A/Accelerate
0x00007fff2b047000 	/System/Library/PrivateFrameworks/IconServices.framework/Versions/A/IconServices
0x00007fff2826b000 	/System/Library/Frameworks/IOSurface.framework/Versions/A/IOSurface
0x00007fff26410000 	/usr/lib/libDiagnosticMessagesClient.dylib
0x00007fff28910000 	/System/Library/PrivateFrameworks/DFRFoundation.framework/Versions/A/DFRFoundation
0x00007fff224f0000 	/usr/lib/libicucore.A.dylib
0x00007fff2cb50000 	/System/Library/Frameworks/AudioToolbox.framework/Versions/A/AudioToolbox
0x00007fff2bdda000 	/System/Library/PrivateFrameworks/DataDetectorsCore.framework/Versions/A/DataDetectorsCore
0x00007fff24b14000 	/usr/lib/libMobileGestalt.dylib
0x00007fff28614000 	/System/Library/Frameworks/Carbon.framework/Versions/A/Frameworks/HIToolbox.framework/Versions/A/HIToolbox
0x00007fff26b6a000 	/System/Library/Frameworks/QuartzCore.framework/Versions/A/QuartzCore
0x00007fff2fb41000 	/System/Library/Frameworks/Carbon.framework/Versions/A/Frameworks/SpeechRecognition.framework/Versions/A/SpeechRecognition
0x00007fff26e89000 	/System/Library/PrivateFrameworks/CoreUI.framework/Versions/A/CoreUI
0x00007fff21b0a000 	/System/Library/Frameworks/CoreAudio.framework/Versions/A/CoreAudio
0x00007fff264fb000 	/System/Library/Frameworks/DiskArbitration.framework/Versions/A/DiskArbitration
0x00007fff2b9d7000 	/System/Library/PrivateFrameworks/MultitouchSupport.framework/Versions/A/MultitouchSupport
0x00007fff2bdd1000 	/System/Library/PrivateFrameworks/InternationalSupport.framework/Versions/A/InternationalSupport
0x00007fff24b13000 	/usr/lib/libenergytrace.dylib
0x00007fff22ac0000 	/System/Library/Frameworks/IOKit.framework/Versions/A/IOKit
0x00007fff2fe74000 	/System/Library/Frameworks/CoreServices.framework/Versions/A/CoreServices
0x00007fff270b6000 	/System/Library/PrivateFrameworks/PerformanceAnalysis.framework/Versions/A/PerformanceAnalysis
0x00007fff6b928000 	/System/Library/Frameworks/OpenGL.framework/Versions/A/OpenGL
0x00007fff2be55000 	/System/Library/PrivateFrameworks/UserActivity.framework/Versions/A/UserActivity
0x00007fff2558f000 	/System/Library/Frameworks/ColorSync.framework/Versions/A/ColorSync
0x00007fff28b8f000 	/System/Library/Frameworks/CoreImage.framework/Versions/A/CoreImage
0x00007fff21924000 	/System/Library/Frameworks/CoreText.framework/Versions/A/CoreText
0x00007fff28952000 	/System/Library/Frameworks/ImageIO.framework/Versions/A/ImageIO
0x00007fff2a4e6000 	/System/Library/PrivateFrameworks/SoftLinking.framework/Versions/A/SoftLinking
0x00007fff2716f000 	/usr/lib/libxml2.2.dylib
0x00007fff2026d000 	/usr/lib/libc++.1.dylib
0x00007fff2a757000 	/usr/lib/libcompression.dylib
0x00007fff2bd03000 	/System/Library/PrivateFrameworks/TextureIO.framework/Versions/A/TextureIO
0x00007fff2ad86000 	/usr/lib/libate.dylib
0x00007fff2a4da000 	/usr/lib/system/libcache.dylib
0x00007fff2a496000 	/usr/lib/system/libcommonCrypto.dylib
0x00007fff2a4c0000 	/usr/lib/system/libcompiler_rt.dylib
0x00007fff2a4b5000 	/usr/lib/system/libcopyfile.dylib
0x00007fff20097000 	/usr/lib/system/libcorecrypto.dylib
0x00007fff20162000 	/usr/lib/system/libdispatch.dylib
0x00007fff20315000 	/usr/lib/system/libdyld.dylib
0x00007fff2a4d1000 	/usr/lib/system/libkeymgr.dylib
0x00007fff2d8e7000 	/usr/lib/system/liblaunch.dylib
0x00007fff2a474000 	/usr/lib/system/libmacho.dylib
0x00007fff29c6c000 	/usr/lib/system/libquarantine.dylib
0x00007fff2a4ce000 	/usr/lib/system/libremovefile.dylib
0x00007fff24b71000 	/usr/lib/system/libsystem_asl.dylib
0x00007fff20047000 	/usr/lib/system/libsystem_blocks.dylib
0x00007fff201e4000 	/usr/lib/system/libsystem_c.dylib
0x00007fff2a4c8000 	/usr/lib/system/libsystem_collections.dylib
0x00007fff28f72000 	/usr/lib/system/libsystem_configuration.dylib
0x00007fff2825a000 	/usr/lib/system/libsystem_containermanager.dylib
0x00007fff2a217000 	/usr/lib/system/libsystem_coreservices.dylib
0x00007fff22750000 	/usr/lib/system/libsystem_darwin.dylib
0x00007fff2a4d2000 	/usr/lib/system/libsystem_dnssd.dylib
0x00007fff201e1000 	/usr/lib/system/libsystem_featureflags.dylib
0x00007fff2035b000 	/usr/lib/system/libsystem_info.dylib
0x00007fff2a42b000 	/usr/lib/system/libsystem_m.dylib
0x00007fff20135000 	/usr/lib/system/libsystem_malloc.dylib
0x00007fff24b04000 	/usr/lib/system/libsystem_networkextension.dylib
0x00007fff22b6f000 	/usr/lib/system/libsystem_notify.dylib
0x00007fff2fd76000 	/usr/lib/system/libsystem_product_info_filter.dylib
0x00007fff28f76000 	/usr/lib/system/libsystem_sandbox.dylib
0x00007fff2a4cb000 	/usr/lib/system/libsystem_secinit.dylib
0x00007fff202d9000 	/usr/lib/system/libsystem_kernel.dylib
0x00007fff20351000 	/usr/lib/system/libsystem_platform.dylib
0x00007fff20309000 	/usr/lib/system/libsystem_pthread.dylib
0x00007fff2624c000 	/usr/lib/system/libsystem_symptoms.dylib
0x00007fff2007f000 	/usr/lib/system/libsystem_trace.dylib
0x00007fff2a4a2000 	/usr/lib/system/libunwind.dylib
0x00007fff20049000 	/usr/lib/system/libxpc.dylib
0x00007fff202c3000 	/usr/lib/libc++abi.dylib
0x00007fff2a4ad000 	/usr/lib/liboah.dylib
0x00007fff2ab6b000 	/usr/lib/liblzma.5.dylib
0x00007fff20e48000 	/System/Library/Frameworks/SystemConfiguration.framework/Versions/A/SystemConfiguration
0x00007fff2a4e2000 	/usr/lib/libfakelink.dylib
0x00007fff24665000 	/System/Library/Frameworks/CFNetwork.framework/Versions/A/CFNetwork
0x00007fff2a622000 	/usr/lib/libarchive.2.dylib
0x00007fff20ec6000 	/usr/lib/libCRFSuite.dylib
0x00007fff29c93000 	/usr/lib/libbsm.0.dylib
0x00007fff23fde000 	/usr/lib/libnetwork.dylib
0x00007fff2a4e7000 	/usr/lib/libpcap.A.dylib
0x00007fff26245000 	/usr/lib/libdns_services.dylib
0x00007fff2ab84000 	/usr/lib/libcoretls_cfhelpers.dylib
0x00007fff2a721000 	/usr/lib/libapple_nghttp2.dylib
0x00007fff2a47a000 	/usr/lib/system/libkxld.dylib
0x00007fff25ebe000 	/usr/lib/libsqlite3.dylib
0x00007fff2a1fa000 	/System/Library/PrivateFrameworks/AppleFSCompression.framework/Versions/A/AppleFSCompression
0x00007fff29c7b000 	/usr/lib/libcoretls.dylib
0x00007fff2a752000 	/usr/lib/libpam.2.dylib
0x00007fff2ac82000 	/usr/lib/libxar.1.dylib
0x00007fff28f7d000 	/System/Library/PrivateFrameworks/AppleSystemInfo.framework/Versions/A/AppleSystemInfo
0x00007fff298bd000 	/System/Library/PrivateFrameworks/IOMobileFramebuffer.framework/Versions/A/IOMobileFramebuffer
0x00007fff2a20a000 	/usr/lib/libbz2.1.0.dylib
0x00007fff2a51f000 	/usr/lib/libiconv.2.dylib
0x00007fff2a473000 	/usr/lib/libcharset.1.dylib
0x00007fff270f2000 	/System/Library/Frameworks/CoreServices.framework/Versions/A/Frameworks/FSEvents.framework/Versions/A/FSEvents
0x00007fff2275a000 	/System/Library/Frameworks/CoreServices.framework/Versions/A/Frameworks/CarbonCore.framework/Versions/A/CarbonCore
0x00007fff26460000 	/System/Library/Frameworks/CoreServices.framework/Versions/A/Frameworks/Metadata.framework/Versions/A/Metadata
0x00007fff2a21c000 	/System/Library/Frameworks/CoreServices.framework/Versions/A/Frameworks/OSServices.framework/Versions/A/OSServices
0x00007fff2a694000 	/System/Library/Frameworks/CoreServices.framework/Versions/A/Frameworks/SearchKit.framework/Versions/A/SearchKit
0x00007fff261d0000 	/System/Library/Frameworks/CoreServices.framework/Versions/A/Frameworks/AE.framework/Versions/A/AE
0x00007fff20825000 	/System/Library/Frameworks/CoreServices.framework/Versions/A/Frameworks/LaunchServices.framework/Versions/A/LaunchServices
0x00007fff2ab1b000 	/System/Library/Frameworks/CoreServices.framework/Versions/A/Frameworks/DictionaryServices.framework/Versions/A/DictionaryServices
0x00007fff270ff000 	/System/Library/Frameworks/CoreServices.framework/Versions/A/Frameworks/SharedFileList.framework/Versions/A/SharedFileList
0x00007fff29c6f000 	/usr/lib/libCheckFix.dylib
0x00007fff24b88000 	/System/Library/PrivateFrameworks/TCC.framework/Versions/A/TCC
0x00007fff28f83000 	/System/Library/PrivateFrameworks/CoreNLP.framework/Versions/A/CoreNLP
0x00007fff26413000 	/System/Library/PrivateFrameworks/MetadataUtilities.framework/Versions/A/MetadataUtilities
0x00007fff20efb000 	/usr/lib/libmecabra.dylib
0x00007fff29f79000 	/System/Library/Frameworks/MLCompute.framework/Versions/A/MLCompute
0x00007fff29ca4000 	/usr/lib/libmecab.dylib
0x00007fff29cee000 	/usr/lib/libgermantok.dylib
0x00007fff2a6fc000 	/usr/lib/libThaiTokenizer.dylib
0x00007fff2acbd000 	/usr/lib/libChineseTokenizer.dylib
0x00007fff2a750000 	/System/Library/Frameworks/MetalPerformanceShaders.framework/Versions/A/MetalPerformanceShaders
0x00007fff26502000 	/System/Library/Frameworks/Accelerate.framework/Versions/A/Frameworks/vImage.framework/Versions/A/vImage
0x00007fff2fe4e000 	/System/Library/Frameworks/Accelerate.framework/Versions/A/Frameworks/vecLib.framework/Versions/A/vecLib
0x00007fff2acc8000 	/System/Library/Frameworks/Accelerate.framework/Versions/A/Frameworks/vecLib.framework/Versions/A/libvMisc.dylib
0x00007fff296d8000 	/System/Library/Frameworks/Accelerate.framework/Versions/A/Frameworks/vecLib.framework/Versions/A/libvDSP.dylib
0x00007fff20b2e000 	/System/Library/Frameworks/Accelerate.framework/Versions/A/Frameworks/vecLib.framework/Versions/A/libBLAS.dylib
0x00007fff2a77d000 	/System/Library/Frameworks/Accelerate.framework/Versions/A/Frameworks/vecLib.framework/Versions/A/libLAPACK.dylib
0x00007fff29cf4000 	/System/Library/Frameworks/Accelerate.framework/Versions/A/Frameworks/vecLib.framework/Versions/A/libLinearAlgebra.dylib
0x00007fff2a739000 	/System/Library/Frameworks/Accelerate.framework/Versions/A/Frameworks/vecLib.framework/Versions/A/libSparseBLAS.dylib
0x00007fff2a777000 	/System/Library/Frameworks/Accelerate.framework/Versions/A/Frameworks/vecLib.framework/Versions/A/libQuadrature.dylib
0x00007fff2902f000 	/System/Library/Frameworks/Accelerate.framework/Versions/A/Frameworks/vecLib.framework/Versions/A/libBNNS.dylib
0x00007fff20dd9000 	/System/Library/Frameworks/Accelerate.framework/Versions/A/Frameworks/vecLib.framework/Versions/A/libSparse.dylib
0x00007fff28f0b000 	/System/Library/Frameworks/MetalPerformanceShaders.framework/Versions/A/Frameworks/MPSCore.framework/Versions/A/MPSCore
0x00007fff2a169000 	/System/Library/Frameworks/MetalPerformanceShaders.framework/Versions/A/Frameworks/MPSImage.framework/Versions/A/MPSImage
0x00007fff29d0a000 	/System/Library/Frameworks/MetalPerformanceShaders.framework/Versions/A/Frameworks/MPSNeuralNetwork.framework/Versions/A/MPSNeuralNetwork
0x00007fff2a0db000 	/System/Library/Frameworks/MetalPerformanceShaders.framework/Versions/A/Frameworks/MPSMatrix.framework/Versions/A/MPSMatrix
0x00007fff29f29000 	/System/Library/Frameworks/MetalPerformanceShaders.framework/Versions/A/Frameworks/MPSRayIntersector.framework/Versions/A/MPSRayIntersector
0x00007fff2a112000 	/System/Library/Frameworks/MetalPerformanceShaders.framework/Versions/A/Frameworks/MPSNDArray.framework/Versions/A/MPSNDArray
0x00007fff20a5a000 	/System/Library/PrivateFrameworks/MetalTools.framework/Versions/A/MetalTools
0x00007fff28f7b000 	/System/Library/PrivateFrameworks/AggregateDictionary.framework/Versions/A/AggregateDictionary
0x00007fff263e0000 	/System/Library/PrivateFrameworks/CoreAnalytics.framework/Versions/A/CoreAnalytics
0x00007fff2a6fe000 	/System/Library/PrivateFrameworks/AppleSauce.framework/Versions/A/AppleSauce
0x00007fff2827d000 	/System/Library/PrivateFrameworks/IOAccelerator.framework/Versions/A/IOAccelerator
0x00007fff6b91c000 	/System/Library/Frameworks/OpenGL.framework/Versions/A/Libraries/libCoreFSCache.dylib
0x00007fff21493000 	/System/Library/PrivateFrameworks/LanguageModeling.framework/Versions/A/LanguageModeling
0x00007fff298ab000 	/System/Library/PrivateFrameworks/CoreEmoji.framework/Versions/A/CoreEmoji
0x00007fff29028000 	/System/Library/PrivateFrameworks/LinguisticData.framework/Versions/A/LinguisticData
0x00007fff20d8b000 	/System/Library/PrivateFrameworks/Lexicon.framework/Versions/A/Lexicon
0x00007fff2a610000 	/usr/lib/libcmph.dylib
0x00007fff270d2000 	/System/Library/Frameworks/OpenDirectory.framework/Versions/A/Frameworks/CFOpenDirectory.framework/Versions/A/CFOpenDirectory
0x00007fff270c2000 	/System/Library/Frameworks/OpenDirectory.framework/Versions/A/OpenDirectory
0x00007fff2ab86000 	/System/Library/PrivateFrameworks/APFS.framework/Versions/A/APFS
0x00007fff29bd1000 	/System/Library/Frameworks/SecurityFoundation.framework/Versions/A/SecurityFoundation
0x00007fff2ac90000 	/usr/lib/libutil.dylib
0x00007fff22a85000 	/System/Library/PrivateFrameworks/CoreServicesStore.framework/Versions/A/CoreServicesStore
0x00007fff29c67000 	/System/Library/Frameworks/ServiceManagement.framework/Versions/A/ServiceManagement
0x00007fff2ac94000 	/usr/lib/libxslt.1.dylib
0x00007fff29c5d000 	/System/Library/PrivateFrameworks/BackgroundTaskManagement.framework/Versions/A/BackgroundTaskManagement
0x00007fff2bc4d000 	/System/Library/Frameworks/ImageIO.framework/Versions/A/Resources/libRadiance.dylib
0x00007fff2bc57000 	/System/Library/Frameworks/ImageIO.framework/Versions/A/Resources/libJPEG.dylib
0x00007fff2bba1000 	/System/Library/Frameworks/ImageIO.framework/Versions/A/Resources/libPng.dylib
0x00007fff2bbc8000 	/System/Library/Frameworks/ImageIO.framework/Versions/A/Resources/libTIFF.dylib
0x00007fff2bcac000 	/System/Library/Frameworks/ImageIO.framework/Versions/A/Resources/libGIF.dylib
0x00007fff2b8f3000 	/System/Library/Frameworks/ImageIO.framework/Versions/A/Resources/libJP2.dylib
0x00007fff2b00f000 	/usr/lib/libexpat.1.dylib
0x00007fff2b8a9000 	/System/Library/PrivateFrameworks/AppleJPEG.framework/Versions/A/AppleJPEG
0x00007fff284b3000 	/System/Library/PrivateFrameworks/FontServices.framework/libFontParser.dylib
0x00007fff26187000 	/System/Library/PrivateFrameworks/RunningBoardServices.framework/Versions/A/RunningBoardServices
0x00007fff2b9d3000 	/System/Library/PrivateFrameworks/WatchdogClient.framework/Versions/A/WatchdogClient
0x00007fff2157c000 	/System/Library/Frameworks/CoreDisplay.framework/Versions/A/CoreDisplay
0x00007fff283c8000 	/System/Library/Frameworks/CoreMedia.framework/Versions/A/CoreMedia
0x00007fff27252000 	/System/Library/Frameworks/CoreVideo.framework/Versions/A/CoreVideo
0x00007fff2ba0e000 	/System/Library/Frameworks/VideoToolbox.framework/Versions/A/VideoToolbox
0x00007fff26107000 	/System/Library/PrivateFrameworks/BaseBoard.framework/Versions/A/BaseBoard
0x00007fff2b153000 	/System/Library/PrivateFrameworks/PersistentConnection.framework/Versions/A/PersistentConnection
0x00007fff25ea8000 	/System/Library/PrivateFrameworks/ProtocolBuffer.framework/Versions/A/ProtocolBuffer
0x00007fff260ef000 	/System/Library/PrivateFrameworks/CommonUtilities.framework/Versions/A/CommonUtilities
0x00007fff2b86c000 	/System/Library/PrivateFrameworks/Bom.framework/Versions/A/Bom
0x00007fff2bc45000 	/System/Library/PrivateFrameworks/GPUWrangler.framework/Versions/A/GPUWrangler
0x00007fff2bc28000 	/System/Library/PrivateFrameworks/IOPresentment.framework/Versions/A/IOPresentment
0x00007fff2bc51000 	/System/Library/PrivateFrameworks/DSExternalDisplay.framework/Versions/A/DSExternalDisplay
0x00007fff2bcb1000 	/System/Library/PrivateFrameworks/CMCaptureCore.framework/Versions/A/CMCaptureCore
0x00007fff2b5ef000 	/System/Library/PrivateFrameworks/AppServerSupport.framework/Versions/A/AppServerSupport
0x00007fff2d68a000 	/System/Library/PrivateFrameworks/perfdata.framework/Versions/A/perfdata
0x00007fff29bc0000 	/System/Library/PrivateFrameworks/AssertionServices.framework/Versions/A/AssertionServices
0x00007fff216b3000 	/System/Library/PrivateFrameworks/AudioToolboxCore.framework/Versions/A/AudioToolboxCore
0x00007fff283ab000 	/System/Library/PrivateFrameworks/caulk.framework/Versions/A/caulk
0x00007fff3cac2000 	/System/Library/PrivateFrameworks/SystemPolicy.framework/Versions/A/SystemPolicy
0x00007fff2ae1e000 	/usr/lib/libIOReport.dylib
0x00007fff2cec6000 	/usr/lib/libSMC.dylib
0x00007fff2bb6d000 	/usr/lib/libAudioToolboxUtility.dylib
0x00007fff3d41c000 	/usr/lib/libmis.dylib
0x00007fff6b978000 	/System/Library/Frameworks/OpenGL.framework/Versions/A/Libraries/libGLU.dylib
0x00007fff6b93b000 	/System/Library/Frameworks/OpenGL.framework/Versions/A/Libraries/libGFXShared.dylib
0x00007fff6bb49000 	/System/Library/Frameworks/OpenGL.framework/Versions/A/Libraries/libGL.dylib
0x00007fff6b944000 	/System/Library/Frameworks/OpenGL.framework/Versions/A/Libraries/libGLImage.dylib
0x00007fff6b938000 	/System/Library/Frameworks/OpenGL.framework/Versions/A/Libraries/libCVMSPluginSupport.dylib
0x00007fff6b923000 	/System/Library/Frameworks/OpenGL.framework/Versions/A/Libraries/libCoreVMClient.dylib
0x00007fff6cf93000 	/System/Library/Frameworks/OpenCL.framework/Versions/A/OpenCL
0x00007fff2b17c000 	/System/Library/PrivateFrameworks/GraphVisualizer.framework/Versions/A/GraphVisualizer
0x00007fff2b18b000 	/System/Library/PrivateFrameworks/FaceCore.framework/Versions/A/FaceCore
0x00007fff2b5a7000 	/System/Library/PrivateFrameworks/OTSVG.framework/Versions/A/OTSVG
0x00007fff26e47000 	/System/Library/Frameworks/ApplicationServices.framework/Versions/A/Frameworks/ATS.framework/Versions/A/Resources/libFontRegistry.dylib
0x00007fff2b5f6000 	/System/Library/PrivateFrameworks/FontServices.framework/libhvf.dylib
0x00007fff2afbb000 	/System/Library/PrivateFrameworks/AppleVA.framework/Versions/A/AppleVA
0x00007fff2cd0e000 	/System/Library/Frameworks/ApplicationServices.framework/Versions/A/Frameworks/ATS.framework/Versions/A/ATS
0x00007fff2d021000 	/System/Library/Frameworks/ApplicationServices.framework/Versions/A/Frameworks/ColorSyncLegacy.framework/Versions/A/ColorSyncLegacy
0x00007fff25686000 	/System/Library/Frameworks/ApplicationServices.framework/Versions/A/Frameworks/HIServices.framework/Versions/A/HIServices
0x00007fff2d006000 	/System/Library/Frameworks/ApplicationServices.framework/Versions/A/Frameworks/LangAnalysis.framework/Versions/A/LangAnalysis
0x00007fff2bcbb000 	/System/Library/Frameworks/ApplicationServices.framework/Versions/A/Frameworks/PrintCore.framework/Versions/A/PrintCore
0x00007fff2d029000 	/System/Library/Frameworks/ApplicationServices.framework/Versions/A/Frameworks/QD.framework/Versions/A/QD
0x00007fff2ccfe000 	/System/Library/Frameworks/ApplicationServices.framework/Versions/A/Frameworks/SpeechSynthesis.framework/Versions/A/SpeechSynthesis
0x00007fff2bc7c000 	/System/Library/Frameworks/ApplicationServices.framework/Versions/A/Frameworks/ATSUI.framework/Versions/A/ATSUI
0x00007fff2cfa6000 	/usr/lib/libcups.2.dylib
0x00007fff2d016000 	/System/Library/PrivateFrameworks/NetAuth.framework/Versions/A/NetAuth
0x00007fff2d6a5000 	/System/Library/Frameworks/Kerberos.framework/Versions/A/Kerberos
0x00007fff2d6b5000 	/System/Library/Frameworks/GSS.framework/Versions/A/GSS
0x00007fff2cd7b000 	/usr/lib/libresolv.9.dylib
0x00007fff2b60c000 	/System/Library/PrivateFrameworks/Heimdal.framework/Versions/A/Heimdal
0x00007fff33348000 	/System/Library/Frameworks/Kerberos.framework/Versions/A/Libraries/libHeimdalProxy.dylib
0x00007fff26254000 	/System/Library/Frameworks/Network.framework/Versions/A/Network
0x00007fff2b028000 	/usr/lib/libheimdal-asn1.dylib
0x00007fff2d706000 	/System/Library/PrivateFrameworks/CommonAuth.framework/Versions/A/CommonAuth
0x00007fff272a0000 	/System/Library/PrivateFrameworks/login.framework/Versions/A/Frameworks/loginsupport.framework/Versions/A/loginsupport
0x00007fff2cc85000 	/System/Library/PrivateFrameworks/AudioSession.framework/Versions/A/AudioSession
0x00007fff2cceb000 	/usr/lib/libAudioStatistics.dylib
0x00007fff2b0b4000 	/System/Library/PrivateFrameworks/MediaExperience.framework/Versions/A/MediaExperience
0x00007fff2cb1e000 	/System/Library/PrivateFrameworks/AudioSession.framework/libSessionUtility.dylib
0x00007fff2d696000 	/usr/lib/libperfcheck.dylib
0x00007fff2d035000 	/System/Library/PrivateFrameworks/AudioResourceArbitration.framework/Versions/A/AudioResourceArbitration
0x00007fff2b032000 	/System/Library/PrivateFrameworks/IconFoundation.framework/Versions/A/IconFoundation
0x00007fff2fb31000 	/System/Library/PrivateFrameworks/SpeechRecognitionCore.framework/Versions/A/SpeechRecognitionCore
0x0000000106000000 	/Library/Java/JavaVirtualMachines/jdk1.8.0_181.jdk/Contents/Home/jre/lib/server/libjvm.dylib
0x00007fff77eab000 	/usr/lib/libstdc++.6.dylib
0x0000000103df6000 	/Library/Java/JavaVirtualMachines/jdk1.8.0_181.jdk/Contents/Home/jre/lib/libverify.dylib
0x0000000103e04000 	/Library/Java/JavaVirtualMachines/jdk1.8.0_181.jdk/Contents/Home/jre/lib/libjava.dylib
0x0000000103e84000 	/Library/Java/JavaVirtualMachines/jdk1.8.0_181.jdk/Contents/Home/jre/lib/libzip.dylib
0x00000001081a9000 	/Library/Java/JavaVirtualMachines/jdk1.8.0_181.jdk/Contents/Home/jre/lib/libawt.dylib
0x0000000108253000 	/Library/Java/JavaVirtualMachines/jdk1.8.0_181.jdk/Contents/Home/jre/lib/libmlib_image.dylib
0x00007fff6e8c8000 	/System/Library/Frameworks/JavaNativeFoundation.framework/Versions/A/JavaNativeFoundation
0x00007fff6e8d4000 	/System/Library/Frameworks/JavaRuntimeSupport.framework/Versions/A/JavaRuntimeSupport
0x00007fff3c80c000 	/System/Library/Frameworks/Carbon.framework/Versions/A/Carbon
0x00007fff319a2000 	/System/Library/PrivateFrameworks/CoreSymbolication.framework/Versions/A/CoreSymbolication
0x00007fff362c3000 	/System/Library/Frameworks/Carbon.framework/Versions/A/Frameworks/CommonPanels.framework/Versions/A/CommonPanels
0x00007fff32ddd000 	/System/Library/Frameworks/Carbon.framework/Versions/A/Frameworks/Help.framework/Versions/A/Help
0x00007fff362c7000 	/System/Library/Frameworks/Carbon.framework/Versions/A/Frameworks/ImageCapture.framework/Versions/A/ImageCapture
0x00007fff36297000 	/System/Library/Frameworks/Carbon.framework/Versions/A/Frameworks/OpenScripting.framework/Versions/A/OpenScripting
0x00007fff362bf000 	/System/Library/Frameworks/Carbon.framework/Versions/A/Frameworks/Ink.framework/Versions/A/Ink
0x00007fff3c808000 	/System/Library/Frameworks/Carbon.framework/Versions/A/Frameworks/Print.framework/Versions/A/Print
0x00007fff362bb000 	/System/Library/Frameworks/Carbon.framework/Versions/A/Frameworks/SecurityHI.framework/Versions/A/SecurityHI
0x00007fff31966000 	/System/Library/PrivateFrameworks/DebugSymbols.framework/Versions/A/DebugSymbols
0x000000010831f000 	/Library/Java/JavaVirtualMachines/jdk1.8.0_181.jdk/Contents/Home/jre/lib/libawt_lwawt.dylib
0x00000001083d9000 	/Library/Java/JavaVirtualMachines/jdk1.8.0_181.jdk/Contents/Home/jre/lib/libosxapp.dylib
0x00007fff3be27000 	/System/Library/Frameworks/ExceptionHandling.framework/Versions/A/ExceptionHandling
0x00007fff22a46000 	/System/Library/PrivateFrameworks/CoreServicesInternal.framework/Versions/A/CoreServicesInternal
0x00007fff30eb8000 	/System/Library/Frameworks/FileProvider.framework/Versions/A/FileProvider
0x00007fff26072000 	/System/Library/Frameworks/Accounts.framework/Versions/A/Accounts
0x00007fff31008000 	/System/Library/PrivateFrameworks/GenerationalStorage.framework/Versions/A/GenerationalStorage
0x00007fff308d8000 	/System/Library/PrivateFrameworks/SymptomDiagnosticReporter.framework/Versions/A/SymptomDiagnosticReporter
0x00007fff23b74000 	/System/Library/PrivateFrameworks/DesktopServicesPriv.framework/Versions/A/DesktopServicesPriv
0x00007fff22b7b000 	/usr/lib/libsandbox.1.dylib
0x00007fff272cb000 	/System/Library/PrivateFrameworks/UserManagement.framework/Versions/A/UserManagement
0x00007fff29b9d000 	/System/Library/PrivateFrameworks/MobileKeyBag.framework/Versions/A/MobileKeyBag
0x00007fff343ca000 	/System/Library/PrivateFrameworks/ChunkingLibrary.framework/Versions/A/ChunkingLibrary
0x00007fff2e0c9000 	/System/Library/PrivateFrameworks/Sharing.framework/Versions/A/Sharing
0x00007fff3294a000 	/System/Library/PrivateFrameworks/Apple80211.framework/Versions/A/Apple80211
0x00007fff2a24a000 	/System/Library/PrivateFrameworks/AuthKit.framework/Versions/A/AuthKit
0x00007fff2999b000 	/System/Library/PrivateFrameworks/CoreUtils.framework/Versions/A/CoreUtils
0x00007fff298c8000 	/System/Library/Frameworks/CoreWLAN.framework/Versions/A/CoreWLAN
0x00007fff2e215000 	/System/Library/Frameworks/IOBluetooth.framework/Versions/A/IOBluetooth
0x00007fff329ae000 	/System/Library/PrivateFrameworks/CoreWiFi.framework/Versions/A/CoreWiFi
0x00007fff2d78c000 	/System/Library/PrivateFrameworks/CorePhoneNumbers.framework/Versions/A/CorePhoneNumbers
0x00007fff309df000 	/System/Library/PrivateFrameworks/DiskManagement.framework/Versions/A/DiskManagement
0x00007fff308f5000 	/System/Library/PrivateFrameworks/AppleIDAuthSupport.framework/Versions/A/AppleIDAuthSupport
0x00007fff2d76c000 	/System/Library/PrivateFrameworks/KeychainCircle.framework/Versions/A/KeychainCircle
0x00007fff309ab000 	/System/Library/PrivateFrameworks/MediaKit.framework/Versions/A/MediaKit
0x00007fff30902000 	/System/Library/Frameworks/DiscRecording.framework/Versions/A/DiscRecording
0x00007fff2af2f000 	/usr/lib/libCoreStorage.dylib
0x00007fff32de9000 	/usr/lib/libcsfde.dylib
0x00007fff2e350000 	/System/Library/PrivateFrameworks/ProtectedCloudStorage.framework/Versions/A/ProtectedCloudStorage
0x00007fff32de1000 	/System/Library/PrivateFrameworks/EFILogin.framework/Versions/A/EFILogin
0x00007fff333fb000 	/System/Library/Frameworks/AudioUnit.framework/Versions/A/AudioUnit
0x00007fff30872000 	/System/Library/Frameworks/CoreBluetooth.framework/Versions/A/CoreBluetooth
0x00007fff2af27000 	/usr/lib/libMatch.1.dylib
0x00007fff43687000 	/System/Library/CoreServices/RawCamera.bundle/Contents/MacOS/RawCamera
0x00007fff2d717000 	/System/Library/PrivateFrameworks/MobileAsset.framework/Versions/A/MobileAsset
0x00007fff3341f000 	/System/Library/PrivateFrameworks/StreamingZip.framework/Versions/A/StreamingZip
0x00007fff2beb3000 	/System/Library/Frameworks/MediaToolbox.framework/Versions/A/MediaToolbox
0x00007fff30e8a000 	/System/Library/PrivateFrameworks/CoreAVCHD.framework/Versions/A/CoreAVCHD
0x00007fff30071000 	/System/Library/Frameworks/MediaAccessibility.framework/Versions/A/MediaAccessibility
0x00007fff30e86000 	/System/Library/PrivateFrameworks/Mangrove.framework/Versions/A/Mangrove
0x00007fff3007d000 	/System/Library/PrivateFrameworks/AlgosScoreFramework.framework/Versions/A/AlgosScoreFramework
0x00007fff31874000 	/System/Library/PrivateFrameworks/AppleVPA.framework/Versions/A/AppleVPA
0x00007fff30acb000 	/System/Library/PrivateFrameworks/CoreAUC.framework/Versions/A/CoreAUC
0x00007fff410de000 	/System/Library/Frameworks/Accelerate.framework/Versions/A/Frameworks/vImage.framework/Versions/A/Libraries/libCGInterfaces.dylib
0x0000000108d0a000 	/usr/lib/libobjc-trampolines.dylib
0x00007fff35264000 	/System/Library/PrivateFrameworks/FamilyControls.framework/Versions/A/FamilyControls
0x00007fff35288000 	/System/Library/PrivateFrameworks/CommerceKit.framework/Versions/A/Frameworks/CommerceCore.framework/Versions/A/CommerceCore
0x00007fff300ae000 	/System/Library/PrivateFrameworks/SystemAdministration.framework/Versions/A/SystemAdministration
0x00007fff2e337000 	/System/Library/PrivateFrameworks/AppContainer.framework/Versions/A/AppContainer
0x00007fff2e34c000 	/System/Library/PrivateFrameworks/SecCodeWrapper.framework/Versions/A/SecCodeWrapper
0x00007fff2ae26000 	/System/Library/PrivateFrameworks/CrashReporterSupport.framework/Versions/A/CrashReporterSupport
0x00007fff47801000 	/System/Library/PrivateFrameworks/OSAnalytics.framework/Versions/A/OSAnalytics
0x00007fff77791000 	/usr/lib/libRosetta.dylib
0x00007fff32d70000 	/System/Library/PrivateFrameworks/RemoteServiceDiscovery.framework/Versions/A/RemoteServiceDiscovery
0x00007fff514a1000 	/System/Library/PrivateFrameworks/Symbolication.framework/Versions/A/Symbolication
0x00007fff3d3fc000 	/System/Library/PrivateFrameworks/MallocStackLogging.framework/Versions/A/MallocStackLogging
0x00007fff2b6cd000 	/System/Library/PrivateFrameworks/login.framework/Versions/A/login
0x00007fff2fafd000 	/System/Library/Frameworks/DirectoryService.framework/Versions/A/DirectoryService
0x00007fff32c89000 	/System/Library/PrivateFrameworks/DiskImages.framework/Versions/A/DiskImages
0x00007fff32e5c000 	/System/Library/PrivateFrameworks/LoginUIKit.framework/Versions/A/Frameworks/LoginUICore.framework/Versions/A/LoginUICore
0x00007fff2b868000 	/usr/lib/libodfde.dylib
0x00007fff32df5000 	/usr/lib/libcurl.4.dylib
0x00007fff32b55000 	/usr/lib/libcrypto.44.dylib
0x00007fff32c5b000 	/usr/lib/libssl.46.dylib
0x00007fff32b1b000 	/System/Library/Frameworks/LDAP.framework/Versions/A/LDAP
0x00007fff32b53000 	/System/Library/PrivateFrameworks/TrustEvaluationAgent.framework/Versions/A/TrustEvaluationAgent
0x00007fff2cd94000 	/usr/lib/libsasl2.2.dylib
0x00007fff300a2000 	/System/Library/PrivateFrameworks/CoreDaemon.framework/Versions/B/CoreDaemon
0x00007fff3009d000 	/System/Library/PrivateFrameworks/AppleSRP.framework/Versions/A/AppleSRP
0x00007fff26fca000 	/System/Library/PrivateFrameworks/ViewBridge.framework/Versions/A/ViewBridge
0x00007fff6bb54000 	/System/Library/Frameworks/OpenGL.framework/Versions/A/Resources/GLEngine.bundle/GLEngine
0x00007fff6b9b5000 	/System/Library/Frameworks/OpenGL.framework/Versions/A/Libraries/libGLProgrammability.dylib
0x00007fff63576000 	/System/Library/Extensions/AppleIntelBDWGraphicsGLDriver.bundle/Contents/MacOS/AppleIntelBDWGraphicsGLDriver
0x00007fff461cb000 	/System/Library/PrivateFrameworks/GPUSupport.framework/Versions/A/Libraries/libGPUSupportMercury.dylib
0x00007fff6bcd2000 	/System/Library/Frameworks/OpenGL.framework/Versions/A/Resources/GLRendererFloat.bundle/GLRendererFloat
0x000000011e686000 	/Library/Java/JavaVirtualMachines/jdk1.8.0_181.jdk/Contents/Home/jre/lib/libfontmanager.dylib
0x000000011ee8a000 	/Library/Java/JavaVirtualMachines/jdk1.8.0_181.jdk/Contents/Home/jre/lib/libosxui.dylib
0x000000011f120000 	/Library/Java/JavaVirtualMachines/jdk1.8.0_181.jdk/Contents/Home/jre/lib/libnet.dylib
0x000000011ef35000 	/Library/Java/JavaVirtualMachines/jdk1.8.0_181.jdk/Contents/Home/jre/lib/libnio.dylib
0x00000001508ac000 	/private/var/folders/73/1qw339l937x_y3n17np39c5c0000gn/T/jogamp_0000/file_cache/jln3816813680184738915/jln4570338732480370472/libgluegen-rt.jnilib
0x00000001508b0000 	/private/var/folders/73/1qw339l937x_y3n17np39c5c0000gn/T/jogamp_0000/file_cache/jln3816813680184738915/jln4570338732480370472/libnativewindow_awt.jnilib
0x00000001508b3000 	/Library/Java/JavaVirtualMachines/jdk1.8.0_181.jdk/Contents/Home/jre/lib/libjawt.dylib
0x00000001508b6000 	/private/var/folders/73/1qw339l937x_y3n17np39c5c0000gn/T/jogamp_0000/file_cache/jln3816813680184738915/jln4570338732480370472/libnativewindow_macosx.jnilib
0x0000000151bcd000 	/private/var/folders/73/1qw339l937x_y3n17np39c5c0000gn/T/jogamp_0000/file_cache/jln3816813680184738915/jln4570338732480370472/libjogl_desktop.jnilib
0x0000000150bef000 	/Library/Java/JavaVirtualMachines/jdk1.8.0_181.jdk/Contents/Home/jre/lib/libsunec.dylib

VM Arguments:
jvm_args: -Djava.security.policy=java.policy.applet -Dfile.encoding=UTF-8 
java_command: sun.applet.AppletViewer module6.EarthquakeCityMap1637912158053.html
java_class_path (initial): /Users/lawanyabaghel/eclipse-workspace/UCSDUnfoldingMaps/build:/Users/lawanyabaghel/eclipse-workspace/UCSDUnfoldingMaps/lib/core.jar:/Users/lawanyabaghel/eclipse-workspace/UCSDUnfoldingMaps/lib/gluegen-rt.jar:/Users/lawanyabaghel/eclipse-workspace/UCSDUnfoldingMaps/lib/jogl-all.jar:/Users/lawanyabaghel/eclipse-workspace/UCSDUnfoldingMaps/lib/log4j-1.2.15.jar:/Users/lawanyabaghel/eclipse-workspace/UCSDUnfoldingMaps/lib/sqlite-jdbc-3.7.2.jar:/Users/lawanyabaghel/eclipse-workspace/UCSDUnfoldingMaps/lib/json4processing.jar:/Users/lawanyabaghel/eclipse-workspace/UCSDUnfoldingMaps/lib/libTUIO.jar:/Users/lawanyabaghel/eclipse-workspace/UCSDUnfoldingMaps/lib/unfolding.0.9.7-uscd.jar
Launcher Type: SUN_STANDARD

Environment Variables:
PATH=/usr/bin:/bin:/usr/sbin:/sbin
SHELL=/bin/zsh

Signal Handlers:
SIGSEGV: [libjvm.dylib+0x5b6029], sa_mask[0]=11111111011111110111111111111111, sa_flags=SA_ONSTACK|SA_RESTART|SA_SIGINFO
SIGBUS: [libjvm.dylib+0x5b6029], sa_mask[0]=11111111011111110111111111111111, sa_flags=SA_RESTART|SA_SIGINFO
SIGFPE: [libjvm.dylib+0x48b934], sa_mask[0]=11111111011111110111111111111111, sa_flags=SA_RESTART|SA_SIGINFO
SIGPIPE: [libjvm.dylib+0x48b934], sa_mask[0]=11111111011111110111111111111111, sa_flags=SA_RESTART|SA_SIGINFO
SIGXFSZ: [libjvm.dylib+0x48b934], sa_mask[0]=11111111011111110111111111111111, sa_flags=SA_RESTART|SA_SIGINFO
SIGILL: [libjvm.dylib+0x48b934], sa_mask[0]=11111111011111110111111111111111, sa_flags=SA_RESTART|SA_SIGINFO
SIGUSR1: SIG_DFL, sa_mask[0]=00000000000000000000000000000000, sa_flags=none
SIGUSR2: [libjvm.dylib+0x48b452], sa_mask[0]=00100000000000000000000000000000, sa_flags=SA_RESTART|SA_SIGINFO
SIGHUP: [libjvm.dylib+0x489a1d], sa_mask[0]=11111111011111110111111111111111, sa_flags=SA_RESTART|SA_SIGINFO
SIGINT: [libjvm.dylib+0x489a1d], sa_mask[0]=11111111011111110111111111111111, sa_flags=SA_RESTART|SA_SIGINFO
SIGTERM: [libjvm.dylib+0x489a1d], sa_mask[0]=11111111011111110111111111111111, sa_flags=SA_RESTART|SA_SIGINFO
SIGQUIT: [libjvm.dylib+0x489a1d], sa_mask[0]=11111111011111110111111111111111, sa_flags=SA_RESTART|SA_SIGINFO


---------------  S Y S T E M  ---------------

OS:Bsduname:Darwin 20.5.0 Darwin Kernel Version 20.5.0: Sat May  8 05:10:33 PDT 2021; root:xnu-7195.121.3~9/RELEASE_X86_64 x86_64
rlimit: STACK 8192k, CORE 0k, NPROC 1392, NOFILE 10240, AS infinity
load average:3.26 6.42 5.71

CPU:total 4 (initial active 4) (2 cores per cpu, 2 threads per core) family 6 model 61 stepping 4, cmov, cx8, fxsr, mmx, sse, sse2, sse3, ssse3, sse4.1, sse4.2, popcnt, avx, avx2, aes, clmul, erms, 3dnowpref, lzcnt, ht, tsc, tscinvbit, bmi1, bmi2, adx

Memory: 4k page, physical 4194304k(147648k free)

/proc/meminfo:


vm_info: Java HotSpot(TM) 64-Bit Server VM (25.181-b13) for bsd-amd64 JRE (1.8.0_181-b13), built on Jul  7 2018 01:02:31 by "java_re" with gcc 4.2.1 (Based on Apple Inc. build 5658) (LLVM build 2336.11.00)

time: Fri Nov 26 13:07:33 2021
elapsed time: 95 seconds (0d 0h 1m 35s)

